Executing crawler.js
Executing parser.py
Executing Git commands
Executing Heroku commands
Executing rake db:reset
Executing rake db:migrate
Executing rake import:target
Executing rale import:user
warning: push.default is unset; its implicit value has changed in
Git 2.0 from 'matching' to 'simple'. To squelch this message
and maintain the traditional behavior, use:

  git config --global push.default matching

To squelch this message and adopt the new behavior now, use:

  git config --global push.default simple

When push.default is set to 'matching', git will push local branches
to the remote branches that already exist with the same name.

Since Git 2.0, Git defaults to the more conservative 'simple'
behavior, which only pushes the current branch to the corresponding
remote branch that 'git pull' uses to update the current branch.

See 'git help config' and search for 'push.default' for further information.
(the 'simple' mode was introduced in Git 1.7.11. Use the similar mode
'current' instead of 'simple' if you sometimes use older versions of Git)

On branch master
Your branch is up-to-date with 'origin/master'.
Untracked files:
	nohup.out

nothing added to commit but untracked files present
Everything up-to-date
Running rake RAILS_ENV=production db:schema:load DISABLE_DATABASE_ENVIRONMENT_CHECK=1 on skftakip...Running rake RAILS_ENV=production import:user DISABLE_DATABASE_ENVIRONMENT_CHECK=1 on skftakip...Running rake RAILS_ENV=production import:target DISABLE_DATABASE_ENVIRONMENT_CHECK=1 on skftakip...Running rake RAILS_ENV=production db:migrate DISABLE_DATABASE_ENVIRONMENT_CHECK=1 on skftakip... !
 ▸    Cannot run more than 1 Free size dynos.
 starting, run.4882 (Free)
Running rake RAILS_ENV=production db:migrate DISABLE_DATABASE_ENVIRONMENT_CHECK=1 on skftakip... starting, run.8173 (Free)
Running rake RAILS_ENV=production import:target DISABLE_DATABASE_ENVIRONMENT_CHECK=1 on skftakip... starting, run.8647 (Free)
Running rake RAILS_ENV=production import:user DISABLE_DATABASE_ENVIRONMENT_CHECK=1 on skftakip... connecting, run.8173 (Free)
Running rake RAILS_ENV=production import:target DISABLE_DATABASE_ENVIRONMENT_CHECK=1 on skftakip... connecting, run.4882 (Free)
Running rake RAILS_ENV=production db:migrate DISABLE_DATABASE_ENVIRONMENT_CHECK=1 on skftakip... connecting, run.8647 (Free)
Running rake RAILS_ENV=production import:user DISABLE_DATABASE_ENVIRONMENT_CHECK=1 on skftakip...GET Brazen Login Page
Login using username and password
Wait 10 seconds...
 up, run.8647 (Free)
 up, run.4882 (Free)
 up, run.8173 (Free)
  [1m[36m (0.6ms)[0m  [1mBEGIN[0m
  [1m[35mSQL (1.0ms)[0m  INSERT INTO "users" ("total", "new", "created_at", "updated_at") VALUES ($1, $2, $3, $4) RETURNING "id"  [["total", 991], ["new", 810], ["created_at", "2017-02-18 21:02:15.089437"], ["updated_at", "2017-02-18 21:02:15.089437"]]
  [1m[36m (1.4ms)[0m  [1mCOMMIT[0m
  [1m[36mActiveRecord::SchemaMigration Load (2.1ms)[0m  [1mSELECT "schema_migrations".* FROM "schema_migrations"[0m
  [1m[36m (3.6ms)[0m  [1mBEGIN[0m
  [1m[35mSQL (3.6ms)[0m  INSERT INTO "targets" ("okul", "hedef", "real", "short", "created_at", "updated_at") VALUES ($1, $2, $3, $4, $5, $6) RETURNING "id"  [["okul", "Boğaziçi Üniversitesi"], ["hedef", 320], ["real", 118], ["short", "Boğaziçi"], ["created_at", "2017-02-18 21:02:18.157187"], ["updated_at", "2017-02-18 21:02:18.157187"]]
  [1m[36m (4.6ms)[0m  [1mCOMMIT[0m
  [1m[35m (3.4ms)[0m  BEGIN
  [1m[36mSQL (2.3ms)[0m  [1mINSERT INTO "targets" ("okul", "hedef", "real", "short", "created_at", "updated_at") VALUES ($1, $2, $3, $4, $5, $6) RETURNING "id"[0m  [["okul", "Bilkent Üniversitesi"], ["hedef", 200], ["real", 19], ["short", "Bilkent"], ["created_at", "2017-02-18 21:02:18.182749"], ["updated_at", "2017-02-18 21:02:18.182749"]]
  [1m[35m (1.7ms)[0m  COMMIT
  [1m[36m (7.5ms)[0m  [1mBEGIN[0m
  [1m[35mSQL (3.6ms)[0m  INSERT INTO "targets" ("okul", "hedef", "real", "short", "created_at", "updated_at") VALUES ($1, $2, $3, $4, $5, $6) RETURNING "id"  [["okul", "Koç Üniversitesi"], ["hedef", 120], ["real", 9], ["short", "Koç"], ["created_at", "2017-02-18 21:02:18.197686"], ["updated_at", "2017-02-18 21:02:18.197686"]]
  [1m[36m (8.9ms)[0m  [1mCOMMIT[0m
  [1m[35m (2.5ms)[0m  BEGIN
  [1m[36mSQL (1.2ms)[0m  [1mINSERT INTO "targets" ("okul", "hedef", "real", "short", "created_at", "updated_at") VALUES ($1, $2, $3, $4, $5, $6) RETURNING "id"[0m  [["okul", "Sabancı Üniversitesi"], ["hedef", 100], ["real", 29], ["short", "Sabancı"], ["created_at", "2017-02-18 21:02:18.220016"], ["updated_at", "2017-02-18 21:02:18.220016"]]
  [1m[35m (3.0ms)[0m  COMMIT
  [1m[36m (7.0ms)[0m  [1mBEGIN[0m
  [1m[35mSQL (2.9ms)[0m  INSERT INTO "targets" ("okul", "hedef", "real", "short", "created_at", "updated_at") VALUES ($1, $2, $3, $4, $5, $6) RETURNING "id"  [["okul", "İstanbul Teknik Üniversitesi"], ["hedef", 150], ["real", 43], ["short", "İTÜ"], ["created_at", "2017-02-18 21:02:18.242465"], ["updated_at", "2017-02-18 21:02:18.242465"]]
  [1m[36m (1.7ms)[0m  [1mCOMMIT[0m
  [1m[35m (5.0ms)[0m  BEGIN
  [1m[36mSQL (8.6ms)[0m  [1mINSERT INTO "targets" ("okul", "hedef", "real", "short", "created_at", "updated_at") VALUES ($1, $2, $3, $4, $5, $6) RETURNING "id"[0m  [["okul", "Orta Doğu Teknik Üniversitesi"], ["hedef", 180], ["real", 41], ["short", "ODTÜ"], ["created_at", "2017-02-18 21:02:18.254750"], ["updated_at", "2017-02-18 21:02:18.254750"]]
  [1m[35m (4.7ms)[0m  COMMIT
  [1m[36m (6.6ms)[0m  [1mBEGIN[0m
  [1m[35mSQL (2.7ms)[0m  INSERT INTO "targets" ("okul", "hedef", "real", "short", "created_at", "updated_at") VALUES ($1, $2, $3, $4, $5, $6) RETURNING "id"  [["okul", "Galatasaray Üniversitesi"], ["hedef", 50], ["real", 12], ["short", "Galatasaray"], ["created_at", "2017-02-18 21:02:18.278234"], ["updated_at", "2017-02-18 21:02:18.278234"]]
  [1m[36m (1.7ms)[0m  [1mCOMMIT[0m
  [1m[35m (4.9ms)[0m  BEGIN
  [1m[36mSQL (2.6ms)[0m  [1mINSERT INTO "targets" ("okul", "hedef", "real", "short", "created_at", "updated_at") VALUES ($1, $2, $3, $4, $5, $6) RETURNING "id"[0m  [["okul", "Yıldız Teknik Üniversitesi"], ["hedef", 120], ["real", 41], ["short", "YTÜ"], ["created_at", "2017-02-18 21:02:18.290446"], ["updated_at", "2017-02-18 21:02:18.290446"]]
  [1m[35m (2.4ms)[0m  COMMIT
  [1m[36m (4.0ms)[0m  [1mBEGIN[0m
  [1m[35mSQL (2.5ms)[0m  INSERT INTO "targets" ("okul", "hedef", "real", "short", "created_at", "updated_at") VALUES ($1, $2, $3, $4, $5, $6) RETURNING "id"  [["okul", "Özyeğin Üniversitesi"], ["hedef", 40], ["real", 10], ["short", "Özyeğin"], ["created_at", "2017-02-18 21:02:18.302797"], ["updated_at", "2017-02-18 21:02:18.302797"]]
  [1m[36m (3.4ms)[0m  [1mCOMMIT[0m
  [1m[35m (3.5ms)[0m  BEGIN
  [1m[36mSQL (3.7ms)[0m  [1mINSERT INTO "targets" ("okul", "hedef", "real", "short", "created_at", "updated_at") VALUES ($1, $2, $3, $4, $5, $6) RETURNING "id"[0m  [["okul", "Bilgi Üniversitesi"], ["hedef", 75], ["real", 0], ["short", "Bilgi"], ["created_at", "2017-02-18 21:02:18.314715"], ["updated_at", "2017-02-18 21:02:18.314715"]]
  [1m[35m (6.4ms)[0m  COMMIT
  [1m[36m (3.4ms)[0m  [1mBEGIN[0m
  [1m[35mSQL (6.3ms)[0m  INSERT INTO "targets" ("okul", "hedef", "real", "short", "created_at", "updated_at") VALUES ($1, $2, $3, $4, $5, $6) RETURNING "id"  [["okul", "Bahçeşehir Üniversitesi"], ["hedef", 50], ["real", 12], ["short", "Bahçeşehir"], ["created_at", "2017-02-18 21:02:18.330461"], ["updated_at", "2017-02-18 21:02:18.330461"]]
  [1m[36m (1.9ms)[0m  [1mCOMMIT[0m
  [1m[35m (4.5ms)[0m  BEGIN
  [1m[36mSQL (2.7ms)[0m  [1mINSERT INTO "targets" ("okul", "hedef", "real", "short", "created_at", "updated_at") VALUES ($1, $2, $3, $4, $5, $6) RETURNING "id"[0m  [["okul", "Dokuz Eylül Üniversitesi"], ["hedef", 90], ["real", 19], ["short", "Dokuz Eylül"], ["created_at", "2017-02-18 21:02:18.346584"], ["updated_at", "2017-02-18 21:02:18.346584"]]
  [1m[35m (2.1ms)[0m  COMMIT
  [1m[36m (6.3ms)[0m  [1mBEGIN[0m
  [1m[35mSQL (6.2ms)[0m  INSERT INTO "targets" ("okul", "hedef", "real", "short", "created_at", "updated_at") VALUES ($1, $2, $3, $4, $5, $6) RETURNING "id"  [["okul", "Ege Üniversitesi"], ["hedef", 60], ["real", 7], ["short", "Ege"], ["created_at", "2017-02-18 21:02:18.371755"], ["updated_at", "2017-02-18 21:02:18.371755"]]
  [1m[36m (2.2ms)[0m  [1mCOMMIT[0m
  [1m[35m (3.2ms)[0m  BEGIN
  [1m[36mSQL (4.1ms)[0m  [1mINSERT INTO "targets" ("okul", "hedef", "real", "short", "created_at", "updated_at") VALUES ($1, $2, $3, $4, $5, $6) RETURNING "id"[0m  [["okul", "Anadolu Üniversitesi"], ["hedef", 100], ["real", 11], ["short", "Anadolu"], ["created_at", "2017-02-18 21:02:18.387096"], ["updated_at", "2017-02-18 21:02:18.387096"]]
  [1m[35m (2.8ms)[0m  COMMIT
  [1m[36m (4.6ms)[0m  [1mBEGIN[0m
  [1m[35mSQL (1.7ms)[0m  INSERT INTO "targets" ("okul", "hedef", "real", "short", "created_at", "updated_at") VALUES ($1, $2, $3, $4, $5, $6) RETURNING "id"  [["okul", "İstanbul Üniversitesi"], ["hedef", 225], ["real", 44], ["short", "İstanbul"], ["created_at", "2017-02-18 21:02:18.402040"], ["updated_at", "2017-02-18 21:02:18.402040"]]
  [1m[36m (1.7ms)[0m  [1mCOMMIT[0m
  [1m[35m (1.1ms)[0m  BEGIN
  [1m[36mSQL (2.0ms)[0m  [1mINSERT INTO "targets" ("okul", "hedef", "real", "short", "created_at", "updated_at") VALUES ($1, $2, $3, $4, $5, $6) RETURNING "id"[0m  [["okul", "Marmara Üniversitesi"], ["hedef", 225], ["real", 36], ["short", "Marmara"], ["created_at", "2017-02-18 21:02:18.422496"], ["updated_at", "2017-02-18 21:02:18.422496"]]
  [1m[35m (5.8ms)[0m  COMMIT
  [1m[36m (1.1ms)[0m  [1mBEGIN[0m
  [1m[35mSQL (6.8ms)[0m  INSERT INTO "targets" ("okul", "hedef", "real", "short", "created_at", "updated_at") VALUES ($1, $2, $3, $4, $5, $6) RETURNING "id"  [["okul", "Hacettepe Üniversitesi"], ["hedef", 50], ["real", 14], ["short", "Hacettepe"], ["created_at", "2017-02-18 21:02:18.434515"], ["updated_at", "2017-02-18 21:02:18.434515"]]
  [1m[36m (1.7ms)[0m  [1mCOMMIT[0m
  [1m[35m (4.1ms)[0m  BEGIN
  [1m[36mSQL (6.7ms)[0m  [1mINSERT INTO "targets" ("okul", "hedef", "real", "short", "created_at", "updated_at") VALUES ($1, $2, $3, $4, $5, $6) RETURNING "id"[0m  [["okul", "Yeditepe Üniversitesi"], ["hedef", 50], ["real", 18], ["short", "Yeditepe"], ["created_at", "2017-02-18 21:02:18.450652"], ["updated_at", "2017-02-18 21:02:18.450652"]]
  [1m[35m (3.2ms)[0m  COMMIT
  [1m[36m (3.0ms)[0m  [1mBEGIN[0m
  [1m[35mSQL (1.5ms)[0m  INSERT INTO "targets" ("okul", "hedef", "real", "short", "created_at", "updated_at") VALUES ($1, $2, $3, $4, $5, $6) RETURNING "id"  [["okul", "TOBB Ekonomi ve Teknoloji Üniversitesi"], ["hedef", 25], ["real", 2], ["short", "TOBB"], ["created_at", "2017-02-18 21:02:18.467734"], ["updated_at", "2017-02-18 21:02:18.467734"]]
  [1m[36m (1.9ms)[0m  [1mCOMMIT[0m
Waited 10 seconds.
GET Downloads page and wait 10 seconds...
Waited 10 seconds.
Download file..
Done.
Executing crawler.js
Executing parser.py
Executing Git commands
Executing Heroku commands
Executing rake db:reset
Executing rake db:migrate
Executing rake import:target
Executing rale import:user
warning: push.default is unset; its implicit value has changed in
Git 2.0 from 'matching' to 'simple'. To squelch this message
and maintain the traditional behavior, use:

  git config --global push.default matching

To squelch this message and adopt the new behavior now, use:

  git config --global push.default simple

When push.default is set to 'matching', git will push local branches
to the remote branches that already exist with the same name.

Since Git 2.0, Git defaults to the more conservative 'simple'
behavior, which only pushes the current branch to the corresponding
remote branch that 'git pull' uses to update the current branch.

See 'git help config' and search for 'push.default' for further information.
(the 'simple' mode was introduced in Git 1.7.11. Use the similar mode
'current' instead of 'simple' if you sometimes use older versions of Git)

[master 2c78aa9] Update
 1 file changed, 35 insertions(+)
 create mode 100644 nohup.out
Everything up-to-date
Running rake RAILS_ENV=production import:target DISABLE_DATABASE_ENVIRONMENT_CHECK=1 on skftakip...Running rake RAILS_ENV=production db:schema:load DISABLE_DATABASE_ENVIRONMENT_CHECK=1 on skftakip...Running rake RAILS_ENV=production db:migrate DISABLE_DATABASE_ENVIRONMENT_CHECK=1 on skftakip...Running rake RAILS_ENV=production import:user DISABLE_DATABASE_ENVIRONMENT_CHECK=1 on skftakip... starting, run.1661 (Free)
Running rake RAILS_ENV=production db:schema:load DISABLE_DATABASE_ENVIRONMENT_CHECK=1 on skftakip... starting, run.3976 (Free)
Running rake RAILS_ENV=production db:migrate DISABLE_DATABASE_ENVIRONMENT_CHECK=1 on skftakip... starting, run.3247 (Free)
Running rake RAILS_ENV=production import:user DISABLE_DATABASE_ENVIRONMENT_CHECK=1 on skftakip... starting, run.1550 (Free)
Running rake RAILS_ENV=production import:target DISABLE_DATABASE_ENVIRONMENT_CHECK=1 on skftakip... connecting, run.3247 (Free)
Running rake RAILS_ENV=production import:user DISABLE_DATABASE_ENVIRONMENT_CHECK=1 on skftakip... connecting, run.3976 (Free)
Running rake RAILS_ENV=production db:migrate DISABLE_DATABASE_ENVIRONMENT_CHECK=1 on skftakip... connecting, run.1661 (Free)
Running rake RAILS_ENV=production db:schema:load DISABLE_DATABASE_ENVIRONMENT_CHECK=1 on skftakip... connecting, run.1550 (Free)
Running rake RAILS_ENV=production import:target DISABLE_DATABASE_ENVIRONMENT_CHECK=1 on skftakip...GET Brazen Login Page
Login using username and password
Wait 10 seconds...
 up, run.3976 (Free)
 up, run.3247 (Free)
 up, run.1550 (Free)
 up, run.1661 (Free)
-- create_table("targets", {:force=>:cascade})
  [1m[36m (11.1ms)[0m  [1mDROP TABLE "targets" CASCADE[0m
  [1m[35m (17.3ms)[0m  CREATE TABLE "targets" ("id" serial primary key, "okul" character varying, "hedef" integer, "real" integer, "created_at" timestamp NOT NULL, "updated_at" timestamp NOT NULL, "short" character varying) 
   -> 0.0566s
-- create_table("users", {:force=>:cascade})
  [1m[36m (5.5ms)[0m  [1mDROP TABLE "users" CASCADE[0m
  [1m[35m (5.6ms)[0m  CREATE TABLE "users" ("id" serial primary key, "total" integer, "new" integer, "created_at" timestamp NOT NULL, "updated_at" timestamp NOT NULL) 
   -> 0.0130s
-- initialize_schema_migrations_table()
   -> 0.0167s
  [1m[36m (0.8ms)[0m  [1mSELECT version FROM "schema_migrations"[0m
  [1m[36m (0.9ms)[0m  [1mBEGIN[0m
  [1m[35mSQL (1.4ms)[0m  INSERT INTO "users" ("total", "new", "created_at", "updated_at") VALUES ($1, $2, $3, $4) RETURNING "id"  [["total", 991], ["new", 810], ["created_at", "2017-02-18 21:03:16.352301"], ["updated_at", "2017-02-18 21:03:16.352301"]]
  [1m[36m (5.7ms)[0m  [1mCOMMIT[0m
  [1m[36m (0.7ms)[0m  [1mBEGIN[0m
  [1m[35mSQL (0.9ms)[0m  INSERT INTO "targets" ("okul", "hedef", "real", "short", "created_at", "updated_at") VALUES ($1, $2, $3, $4, $5, $6) RETURNING "id"  [["okul", "Boğaziçi Üniversitesi"], ["hedef", 320], ["real", 118], ["short", "Boğaziçi"], ["created_at", "2017-02-18 21:03:16.816184"], ["updated_at", "2017-02-18 21:03:16.816184"]]
  [1m[36m (1.6ms)[0m  [1mCOMMIT[0m
  [1m[35m (0.5ms)[0m  BEGIN
  [1m[36mSQL (0.7ms)[0m  [1mINSERT INTO "targets" ("okul", "hedef", "real", "short", "created_at", "updated_at") VALUES ($1, $2, $3, $4, $5, $6) RETURNING "id"[0m  [["okul", "Bilkent Üniversitesi"], ["hedef", 200], ["real", 19], ["short", "Bilkent"], ["created_at", "2017-02-18 21:03:16.825244"], ["updated_at", "2017-02-18 21:03:16.825244"]]
  [1m[35m (1.4ms)[0m  COMMIT
  [1m[36m (0.7ms)[0m  [1mBEGIN[0m
  [1m[35mSQL (0.7ms)[0m  INSERT INTO "targets" ("okul", "hedef", "real", "short", "created_at", "updated_at") VALUES ($1, $2, $3, $4, $5, $6) RETURNING "id"  [["okul", "Koç Üniversitesi"], ["hedef", 120], ["real", 9], ["short", "Koç"], ["created_at", "2017-02-18 21:03:16.829671"], ["updated_at", "2017-02-18 21:03:16.829671"]]
  [1m[36m (1.4ms)[0m  [1mCOMMIT[0m
  [1m[35m (0.6ms)[0m  BEGIN
  [1m[36mSQL (0.6ms)[0m  [1mINSERT INTO "targets" ("okul", "hedef", "real", "short", "created_at", "updated_at") VALUES ($1, $2, $3, $4, $5, $6) RETURNING "id"[0m  [["okul", "Sabancı Üniversitesi"], ["hedef", 100], ["real", 29], ["short", "Sabancı"], ["created_at", "2017-02-18 21:03:16.833874"], ["updated_at", "2017-02-18 21:03:16.833874"]]
  [1m[35m (1.7ms)[0m  COMMIT
  [1m[36m (0.5ms)[0m  [1mBEGIN[0m
  [1m[35mSQL (0.7ms)[0m  INSERT INTO "targets" ("okul", "hedef", "real", "short", "created_at", "updated_at") VALUES ($1, $2, $3, $4, $5, $6) RETURNING "id"  [["okul", "İstanbul Teknik Üniversitesi"], ["hedef", 150], ["real", 43], ["short", "İTÜ"], ["created_at", "2017-02-18 21:03:16.838182"], ["updated_at", "2017-02-18 21:03:16.838182"]]
  [1m[36m (1.4ms)[0m  [1mCOMMIT[0m
  [1m[35m (0.5ms)[0m  BEGIN
  [1m[36mSQL (0.7ms)[0m  [1mINSERT INTO "targets" ("okul", "hedef", "real", "short", "created_at", "updated_at") VALUES ($1, $2, $3, $4, $5, $6) RETURNING "id"[0m  [["okul", "Orta Doğu Teknik Üniversitesi"], ["hedef", 180], ["real", 41], ["short", "ODTÜ"], ["created_at", "2017-02-18 21:03:16.842323"], ["updated_at", "2017-02-18 21:03:16.842323"]]
  [1m[35m (1.5ms)[0m  COMMIT
  [1m[36m (0.5ms)[0m  [1mBEGIN[0m
  [1m[35mSQL (0.6ms)[0m  INSERT INTO "targets" ("okul", "hedef", "real", "short", "created_at", "updated_at") VALUES ($1, $2, $3, $4, $5, $6) RETURNING "id"  [["okul", "Galatasaray Üniversitesi"], ["hedef", 50], ["real", 12], ["short", "Galatasaray"], ["created_at", "2017-02-18 21:03:16.846570"], ["updated_at", "2017-02-18 21:03:16.846570"]]
  [1m[36m (1.4ms)[0m  [1mCOMMIT[0m
  [1m[35m (0.6ms)[0m  BEGIN
  [1m[36mSQL (0.6ms)[0m  [1mINSERT INTO "targets" ("okul", "hedef", "real", "short", "created_at", "updated_at") VALUES ($1, $2, $3, $4, $5, $6) RETURNING "id"[0m  [["okul", "Yıldız Teknik Üniversitesi"], ["hedef", 120], ["real", 41], ["short", "YTÜ"], ["created_at", "2017-02-18 21:03:16.850689"], ["updated_at", "2017-02-18 21:03:16.850689"]]
  [1m[35m (1.6ms)[0m  COMMIT
  [1m[36m (0.6ms)[0m  [1mBEGIN[0m
  [1m[35mSQL (0.7ms)[0m  INSERT INTO "targets" ("okul", "hedef", "real", "short", "created_at", "updated_at") VALUES ($1, $2, $3, $4, $5, $6) RETURNING "id"  [["okul", "Özyeğin Üniversitesi"], ["hedef", 40], ["real", 10], ["short", "Özyeğin"], ["created_at", "2017-02-18 21:03:16.855113"], ["updated_at", "2017-02-18 21:03:16.855113"]]
  [1m[36m (1.3ms)[0m  [1mCOMMIT[0m
  [1m[35m (0.6ms)[0m  BEGIN
  [1m[36mSQL (0.6ms)[0m  [1mINSERT INTO "targets" ("okul", "hedef", "real", "short", "created_at", "updated_at") VALUES ($1, $2, $3, $4, $5, $6) RETURNING "id"[0m  [["okul", "Bilgi Üniversitesi"], ["hedef", 75], ["real", 0], ["short", "Bilgi"], ["created_at", "2017-02-18 21:03:16.859468"], ["updated_at", "2017-02-18 21:03:16.859468"]]
  [1m[35m (1.4ms)[0m  COMMIT
  [1m[36m (0.6ms)[0m  [1mBEGIN[0m
  [1m[35mSQL (0.6ms)[0m  INSERT INTO "targets" ("okul", "hedef", "real", "short", "created_at", "updated_at") VALUES ($1, $2, $3, $4, $5, $6) RETURNING "id"  [["okul", "Bahçeşehir Üniversitesi"], ["hedef", 50], ["real", 12], ["short", "Bahçeşehir"], ["created_at", "2017-02-18 21:03:16.863715"], ["updated_at", "2017-02-18 21:03:16.863715"]]
  [1m[36m (1.3ms)[0m  [1mCOMMIT[0m
  [1m[35m (0.5ms)[0m  BEGIN
  [1m[36mSQL (0.7ms)[0m  [1mINSERT INTO "targets" ("okul", "hedef", "real", "short", "created_at", "updated_at") VALUES ($1, $2, $3, $4, $5, $6) RETURNING "id"[0m  [["okul", "Dokuz Eylül Üniversitesi"], ["hedef", 90], ["real", 19], ["short", "Dokuz Eylül"], ["created_at", "2017-02-18 21:03:16.867723"], ["updated_at", "2017-02-18 21:03:16.867723"]]
  [1m[35m (1.4ms)[0m  COMMIT
  [1m[36m (0.6ms)[0m  [1mBEGIN[0m
  [1m[35mSQL (0.7ms)[0m  INSERT INTO "targets" ("okul", "hedef", "real", "short", "created_at", "updated_at") VALUES ($1, $2, $3, $4, $5, $6) RETURNING "id"  [["okul", "Ege Üniversitesi"], ["hedef", 60], ["real", 7], ["short", "Ege"], ["created_at", "2017-02-18 21:03:16.871809"], ["updated_at", "2017-02-18 21:03:16.871809"]]
  [1m[36m (7.1ms)[0m  [1mCOMMIT[0m
  [1m[35m (0.7ms)[0m  BEGIN
  [1m[36mSQL (0.8ms)[0m  [1mINSERT INTO "targets" ("okul", "hedef", "real", "short", "created_at", "updated_at") VALUES ($1, $2, $3, $4, $5, $6) RETURNING "id"[0m  [["okul", "Anadolu Üniversitesi"], ["hedef", 100], ["real", 11], ["short", "Anadolu"], ["created_at", "2017-02-18 21:03:16.882091"], ["updated_at", "2017-02-18 21:03:16.882091"]]
  [1m[35m (1.5ms)[0m  COMMIT
  [1m[36m (0.6ms)[0m  [1mBEGIN[0m
  [1m[35mSQL (0.6ms)[0m  INSERT INTO "targets" ("okul", "hedef", "real", "short", "created_at", "updated_at") VALUES ($1, $2, $3, $4, $5, $6) RETURNING "id"  [["okul", "İstanbul Üniversitesi"], ["hedef", 225], ["real", 44], ["short", "İstanbul"], ["created_at", "2017-02-18 21:03:16.886819"], ["updated_at", "2017-02-18 21:03:16.886819"]]
  [1m[36m (1.4ms)[0m  [1mCOMMIT[0m
  [1m[35m (0.7ms)[0m  BEGIN
  [1m[36mSQL (2.2ms)[0m  [1mINSERT INTO "targets" ("okul", "hedef", "real", "short", "created_at", "updated_at") VALUES ($1, $2, $3, $4, $5, $6) RETURNING "id"[0m  [["okul", "Marmara Üniversitesi"], ["hedef", 225], ["real", 36], ["short", "Marmara"], ["created_at", "2017-02-18 21:03:16.891248"], ["updated_at", "2017-02-18 21:03:16.891248"]]
  [1m[35m (7.0ms)[0m  COMMIT
  [1m[36m (0.8ms)[0m  [1mBEGIN[0m
  [1m[35mSQL (0.7ms)[0m  INSERT INTO "targets" ("okul", "hedef", "real", "short", "created_at", "updated_at") VALUES ($1, $2, $3, $4, $5, $6) RETURNING "id"  [["okul", "Hacettepe Üniversitesi"], ["hedef", 50], ["real", 14], ["short", "Hacettepe"], ["created_at", "2017-02-18 21:03:16.903369"], ["updated_at", "2017-02-18 21:03:16.903369"]]
  [1m[36m (1.4ms)[0m  [1mCOMMIT[0m
  [1m[35m (0.6ms)[0m  BEGIN
  [1m[36mSQL (0.7ms)[0m  [1mINSERT INTO "targets" ("okul", "hedef", "real", "short", "created_at", "updated_at") VALUES ($1, $2, $3, $4, $5, $6) RETURNING "id"[0m  [["okul", "Yeditepe Üniversitesi"], ["hedef", 50], ["real", 18], ["short", "Yeditepe"], ["created_at", "2017-02-18 21:03:16.908052"], ["updated_at", "2017-02-18 21:03:16.908052"]]
  [1m[35m (1.5ms)[0m  COMMIT
  [1m[36m (0.6ms)[0m  [1mBEGIN[0m
  [1m[35mSQL (0.7ms)[0m  INSERT INTO "targets" ("okul", "hedef", "real", "short", "created_at", "updated_at") VALUES ($1, $2, $3, $4, $5, $6) RETURNING "id"  [["okul", "TOBB Ekonomi ve Teknoloji Üniversitesi"], ["hedef", 25], ["real", 2], ["short", "TOBB"], ["created_at", "2017-02-18 21:03:16.913405"], ["updated_at", "2017-02-18 21:03:16.913405"]]
  [1m[36m (1.4ms)[0m  [1mCOMMIT[0m
  [1m[36mActiveRecord::SchemaMigration Load (0.9ms)[0m  [1mSELECT "schema_migrations".* FROM "schema_migrations"[0m
Waited 10 seconds.
GET Downloads page and wait 10 seconds...
Waited 10 seconds.
Download file..
Done.
Executing crawler.js
Executing parser.py
Executing Git commands
Executing Heroku commands
Executing rake db:reset
Executing rake db:migrate
Executing rake import:target
Executing rale import:user
warning: push.default is unset; its implicit value has changed in
Git 2.0 from 'matching' to 'simple'. To squelch this message
and maintain the traditional behavior, use:

  git config --global push.default matching

To squelch this message and adopt the new behavior now, use:

  git config --global push.default simple

When push.default is set to 'matching', git will push local branches
to the remote branches that already exist with the same name.

Since Git 2.0, Git defaults to the more conservative 'simple'
behavior, which only pushes the current branch to the corresponding
remote branch that 'git pull' uses to update the current branch.

See 'git help config' and search for 'push.default' for further information.
(the 'simple' mode was introduced in Git 1.7.11. Use the similar mode
'current' instead of 'simple' if you sometimes use older versions of Git)

[master 6c0b324] Update
 1 file changed, 113 insertions(+)
Running rake RAILS_ENV=production db:schema:load DISABLE_DATABASE_ENVIRONMENT_CHECK=1 on skftakip...Running rake RAILS_ENV=production import:user DISABLE_DATABASE_ENVIRONMENT_CHECK=1 on skftakip...Running rake RAILS_ENV=production import:target DISABLE_DATABASE_ENVIRONMENT_CHECK=1 on skftakip...Running rake RAILS_ENV=production db:migrate DISABLE_DATABASE_ENVIRONMENT_CHECK=1 on skftakip... starting, run.2404 (Free)
Running rake RAILS_ENV=production db:schema:load DISABLE_DATABASE_ENVIRONMENT_CHECK=1 on skftakip... !
 ▸    Cannot run more than 1 Free size dynos.
 starting, run.1231 (Free)
Running rake RAILS_ENV=production db:migrate DISABLE_DATABASE_ENVIRONMENT_CHECK=1 on skftakip... starting, run.5837 (Free)
Running rake RAILS_ENV=production import:user DISABLE_DATABASE_ENVIRONMENT_CHECK=1 on skftakip... connecting, run.2404 (Free)
Running rake RAILS_ENV=production db:schema:load DISABLE_DATABASE_ENVIRONMENT_CHECK=1 on skftakip... connecting, run.1231 (Free)
Running rake RAILS_ENV=production db:migrate DISABLE_DATABASE_ENVIRONMENT_CHECK=1 on skftakip... connecting, run.5837 (Free)
Running rake RAILS_ENV=production import:user DISABLE_DATABASE_ENVIRONMENT_CHECK=1 on skftakip...GET Brazen Login Page
To git@github.com:burakyilmaz321/skftakip-data.git
   98c6472..2c78aa9  master -> master
Login using username and password
Wait 10 seconds...
 up, run.1231 (Free)
 up, run.2404 (Free)
 up, run.5837 (Free)
  [1m[36mActiveRecord::SchemaMigration Load (0.9ms)[0m  [1mSELECT "schema_migrations".* FROM "schema_migrations"[0m
-- create_table("targets", {:force=>:cascade})
  [1m[36m (8.9ms)[0m  [1mDROP TABLE "targets" CASCADE[0m
  [1m[35m (14.1ms)[0m  CREATE TABLE "targets" ("id" serial primary key, "okul" character varying, "hedef" integer, "real" integer, "created_at" timestamp NOT NULL, "updated_at" timestamp NOT NULL, "short" character varying) 
   -> 0.0592s
-- create_table("users", {:force=>:cascade})
  [1m[36m (5.4ms)[0m  [1mDROP TABLE "users" CASCADE[0m
  [1m[35m (11.8ms)[0m  CREATE TABLE "users" ("id" serial primary key, "total" integer, "new" integer, "created_at" timestamp NOT NULL, "updated_at" timestamp NOT NULL) 
   -> 0.0194s
-- initialize_schema_migrations_table()
   -> 0.0233s
  [1m[36m (0.8ms)[0m  [1mSELECT version FROM "schema_migrations"[0m
  [1m[36m (0.7ms)[0m  [1mBEGIN[0m
  [1m[35mSQL (1.0ms)[0m  INSERT INTO "users" ("total", "new", "created_at", "updated_at") VALUES ($1, $2, $3, $4) RETURNING "id"  [["total", 991], ["new", 810], ["created_at", "2017-02-18 21:04:16.982732"], ["updated_at", "2017-02-18 21:04:16.982732"]]
  [1m[36m (1.7ms)[0m  [1mCOMMIT[0m
Waited 10 seconds.
GET Downloads page and wait 10 seconds...
Waited 10 seconds.
Download file..
Done.
Executing crawler.js
Executing parser.py
Executing Git commands
Executing Heroku commands
Executing rake db:reset
Executing rake db:migrate
Executing rake import:target
Executing rale import:user
warning: push.default is unset; its implicit value has changed in
Git 2.0 from 'matching' to 'simple'. To squelch this message
and maintain the traditional behavior, use:

  git config --global push.default matching

To squelch this message and adopt the new behavior now, use:

  git config --global push.default simple

When push.default is set to 'matching', git will push local branches
to the remote branches that already exist with the same name.

Since Git 2.0, Git defaults to the more conservative 'simple'
behavior, which only pushes the current branch to the corresponding
remote branch that 'git pull' uses to update the current branch.

See 'git help config' and search for 'push.default' for further information.
(the 'simple' mode was introduced in Git 1.7.11. Use the similar mode
'current' instead of 'simple' if you sometimes use older versions of Git)

